00:24:22 DEBUG : Logs will be stored at 'C:/hdl-projects/gyro_test/IDE.log'.
00:24:24 INFO  : Launching XSCT server: xsct.bat -n  -interactive C:\hdl-projects\gyro_test\temp_xsdb_launch_script.tcl
00:24:24 INFO  : Platform repository initialization has completed.
00:24:24 INFO  : Registering command handlers for Vitis TCF services
00:24:26 INFO  : XSCT server has started successfully.
00:24:26 INFO  : plnx-install-location is set to ''
00:24:26 INFO  : Successfully done setting XSCT server connection channel  
00:24:26 INFO  : Successfully done setting workspace for the tool. 
00:24:26 INFO  : Successfully done query RDI_DATADIR 
00:24:56 INFO  : Result from executing command 'getProjects': baremetal_wrapper
00:24:56 INFO  : Result from executing command 'getPlatforms': 
00:24:56 WARN  : An unexpected exception occurred in the module 'platform project logging'
00:24:56 INFO  : Platform 'baremetal_wrapper' is added to custom repositories.
00:24:58 INFO  : Platform 'baremetal_wrapper' is added to custom repositories.
00:25:58 INFO  : Result from executing command 'getProjects': baremetal_wrapper
00:25:58 INFO  : Result from executing command 'getPlatforms': baremetal_wrapper|C:/hdl-projects/gyro_test/baremetal_wrapper/export/baremetal_wrapper/baremetal_wrapper.xpfm
00:25:58 INFO  : Checking for BSP changes to sync application flags for project 'test'...
00:27:18 INFO  : Connected to target on host '127.0.0.1' and port '3121'.
00:27:33 INFO  : Connected to target on host '127.0.0.1' and port '3121'.
00:27:34 INFO  : Jtag cable 'Digilent Arty S7 - 50 210352B84088A' is selected.
00:27:34 INFO  : 'jtag frequency' command is executed.
00:27:34 INFO  : 'targets -set -filter {jtag_cable_name =~ "Digilent Arty S7 - 50 210352B84088A" && level==0 && jtag_device_ctx=="jsn-Arty S7 - 50-210352B84088A-0362f093-0"}' command is executed.
00:27:35 INFO  : Device configured successfully with "C:/hdl-projects/gyro_test/test/_ide/bitstream/baremetal_wrapper.bit"
00:27:35 INFO  : Context for processor 'microblaze_0' is selected.
00:27:35 INFO  : Hardware design and registers information is loaded from 'C:/hdl-projects/gyro_test/baremetal_wrapper/export/baremetal_wrapper/hw/baremetal_wrapper.xsa'.
00:27:35 INFO  : 'configparams mdm-detect-bscan-mask 2' command is executed.
00:27:35 INFO  : Context for processor 'microblaze_0' is selected.
00:27:35 INFO  : System reset is completed.
00:27:38 INFO  : 'after 3000' command is executed.
00:27:38 INFO  : Context for processor 'microblaze_0' is selected.
00:27:38 INFO  : The application 'C:/hdl-projects/gyro_test/test/Debug/test.elf' is downloaded to processor 'microblaze_0'.
00:27:38 INFO  : ----------------XSDB Script----------------
connect -url tcp:127.0.0.1:3121
targets -set -filter {jtag_cable_name =~ "Digilent Arty S7 - 50 210352B84088A" && level==0 && jtag_device_ctx=="jsn-Arty S7 - 50-210352B84088A-0362f093-0"}
fpga -file C:/hdl-projects/gyro_test/test/_ide/bitstream/baremetal_wrapper.bit
targets -set -nocase -filter {name =~ "*microblaze*#0" && bscan=="USER2" }
loadhw -hw C:/hdl-projects/gyro_test/baremetal_wrapper/export/baremetal_wrapper/hw/baremetal_wrapper.xsa -regs
configparams mdm-detect-bscan-mask 2
targets -set -nocase -filter {name =~ "*microblaze*#0" && bscan=="USER2" }
rst -system
after 3000
targets -set -nocase -filter {name =~ "*microblaze*#0" && bscan=="USER2" }
dow C:/hdl-projects/gyro_test/test/Debug/test.elf
----------------End of Script----------------

00:27:38 INFO  : Context for processor 'microblaze_0' is selected.
00:27:38 INFO  : 'con' command is executed.
00:27:38 INFO  : ----------------XSDB Script (After Launch)----------------
targets -set -nocase -filter {name =~ "*microblaze*#0" && bscan=="USER2" }
con
----------------End of Script----------------

00:27:38 INFO  : Launch script is exported to file 'C:\hdl-projects\gyro_test\test_system\_ide\scripts\debugger_test-default.tcl'
00:43:42 INFO  : Disconnected from the channel tcfchan#2.
00:43:43 INFO  : Connected to target on host '127.0.0.1' and port '3121'.
00:43:52 INFO  : ----------------XSDB Script----------------
connect -url tcp:127.0.0.1:3121
----------------End of Script----------------

00:43:52 ERROR : Could not find FPGA device on the board for connection 'Local'.


Troubleshooting hints:
1. Check whether board is connected to system properly.
2. In case of zynq board, check whether Digilent/Xilinx cable switch settings are correct.
3. If you are using Xilinx Platform Cable USB, ensure that status LED is green.
00:43:59 INFO  : Connected to target on host '127.0.0.1' and port '3121'.
00:44:00 INFO  : Jtag cable 'Digilent Arty S7 - 50 210352B84088A' is selected.
00:44:00 INFO  : 'jtag frequency' command is executed.
00:44:00 INFO  : 'targets -set -filter {jtag_cable_name =~ "Digilent Arty S7 - 50 210352B84088A" && level==0 && jtag_device_ctx=="jsn-Arty S7 - 50-210352B84088A-0362f093-0"}' command is executed.
00:44:01 INFO  : Device configured successfully with "C:/hdl-projects/gyro_test/test/_ide/bitstream/baremetal_wrapper.bit"
00:44:01 INFO  : Context for processor 'microblaze_0' is selected.
00:44:01 INFO  : Hardware design and registers information is loaded from 'C:/hdl-projects/gyro_test/baremetal_wrapper/export/baremetal_wrapper/hw/baremetal_wrapper.xsa'.
00:44:01 INFO  : 'configparams mdm-detect-bscan-mask 2' command is executed.
00:44:01 INFO  : Context for processor 'microblaze_0' is selected.
00:44:01 INFO  : System reset is completed.
00:44:04 INFO  : 'after 3000' command is executed.
00:44:04 INFO  : Context for processor 'microblaze_0' is selected.
00:44:04 INFO  : The application 'C:/hdl-projects/gyro_test/test/Debug/test.elf' is downloaded to processor 'microblaze_0'.
00:44:04 INFO  : ----------------XSDB Script----------------
connect -url tcp:127.0.0.1:3121
targets -set -filter {jtag_cable_name =~ "Digilent Arty S7 - 50 210352B84088A" && level==0 && jtag_device_ctx=="jsn-Arty S7 - 50-210352B84088A-0362f093-0"}
fpga -file C:/hdl-projects/gyro_test/test/_ide/bitstream/baremetal_wrapper.bit
targets -set -nocase -filter {name =~ "*microblaze*#0" && bscan=="USER2" }
loadhw -hw C:/hdl-projects/gyro_test/baremetal_wrapper/export/baremetal_wrapper/hw/baremetal_wrapper.xsa -regs
configparams mdm-detect-bscan-mask 2
targets -set -nocase -filter {name =~ "*microblaze*#0" && bscan=="USER2" }
rst -system
after 3000
targets -set -nocase -filter {name =~ "*microblaze*#0" && bscan=="USER2" }
dow C:/hdl-projects/gyro_test/test/Debug/test.elf
----------------End of Script----------------

00:44:04 INFO  : Context for processor 'microblaze_0' is selected.
00:44:04 INFO  : 'con' command is executed.
00:44:04 INFO  : ----------------XSDB Script (After Launch)----------------
targets -set -nocase -filter {name =~ "*microblaze*#0" && bscan=="USER2" }
con
----------------End of Script----------------

00:44:04 INFO  : Launch script is exported to file 'C:\hdl-projects\gyro_test\test_system\_ide\scripts\debugger_test-default.tcl'
11:16:38 INFO  : Disconnected from the channel tcfchan#3.
11:25:20 DEBUG : Logs will be stored at 'C:/hdl-projects/gyro_test/IDE.log'.
11:25:20 INFO  : Launching XSCT server: xsct.bat -n  -interactive C:\hdl-projects\gyro_test\temp_xsdb_launch_script.tcl
11:25:22 INFO  : XSCT server has started successfully.
11:25:22 INFO  : plnx-install-location is set to ''
11:25:22 INFO  : Successfully done setting XSCT server connection channel  
11:25:22 INFO  : Successfully done setting workspace for the tool. 
11:25:23 INFO  : Platform repository initialization has completed.
11:25:23 INFO  : Registering command handlers for Vitis TCF services
11:25:23 INFO  : Successfully done query RDI_DATADIR 
11:25:35 INFO  : Connected to target on host '127.0.0.1' and port '3121'.
11:25:51 INFO  : Jtag cable 'Digilent Arty S7 - 50 210352B84088A' is selected.
11:25:51 INFO  : 'jtag frequency' command is executed.
11:25:54 INFO  : 'targets -set -filter {jtag_cable_name =~ "Digilent Arty S7 - 50 210352B84088A" && level==0 && jtag_device_ctx=="jsn-Arty S7 - 50-210352B84088A-0362f093-0"}' command is executed.
11:25:55 INFO  : Device configured successfully with "C:/hdl-projects/gyro_test/test/_ide/bitstream/baremetal_wrapper.bit"
11:25:55 INFO  : Context for processor 'microblaze_0' is selected.
11:25:55 INFO  : Hardware design and registers information is loaded from 'C:/hdl-projects/gyro_test/baremetal_wrapper/export/baremetal_wrapper/hw/baremetal_wrapper.xsa'.
11:25:55 INFO  : 'configparams mdm-detect-bscan-mask 2' command is executed.
11:25:55 INFO  : Context for processor 'microblaze_0' is selected.
11:25:55 INFO  : System reset is completed.
11:25:58 INFO  : 'after 3000' command is executed.
11:25:58 INFO  : Context for processor 'microblaze_0' is selected.
11:25:58 INFO  : The application 'C:/hdl-projects/gyro_test/test/Debug/test.elf' is downloaded to processor 'microblaze_0'.
11:25:58 INFO  : ----------------XSDB Script----------------
connect -url tcp:127.0.0.1:3121
targets -set -filter {jtag_cable_name =~ "Digilent Arty S7 - 50 210352B84088A" && level==0 && jtag_device_ctx=="jsn-Arty S7 - 50-210352B84088A-0362f093-0"}
fpga -file C:/hdl-projects/gyro_test/test/_ide/bitstream/baremetal_wrapper.bit
targets -set -nocase -filter {name =~ "*microblaze*#0" && bscan=="USER2" }
loadhw -hw C:/hdl-projects/gyro_test/baremetal_wrapper/export/baremetal_wrapper/hw/baremetal_wrapper.xsa -regs
configparams mdm-detect-bscan-mask 2
targets -set -nocase -filter {name =~ "*microblaze*#0" && bscan=="USER2" }
rst -system
after 3000
targets -set -nocase -filter {name =~ "*microblaze*#0" && bscan=="USER2" }
dow C:/hdl-projects/gyro_test/test/Debug/test.elf
----------------End of Script----------------

11:25:58 INFO  : Context for processor 'microblaze_0' is selected.
11:25:58 INFO  : 'con' command is executed.
11:25:58 INFO  : ----------------XSDB Script (After Launch)----------------
targets -set -nocase -filter {name =~ "*microblaze*#0" && bscan=="USER2" }
con
----------------End of Script----------------

11:25:58 INFO  : Launch script is exported to file 'C:\hdl-projects\gyro_test\test_system\_ide\scripts\debugger_test-default.tcl'
16:52:34 DEBUG : Logs will be stored at 'C:/hdl-projects/gyro_test/IDE.log'.
16:52:35 INFO  : Launching XSCT server: xsct.bat -n  -interactive C:\hdl-projects\gyro_test\temp_xsdb_launch_script.tcl
16:52:39 INFO  : Platform repository initialization has completed.
16:52:40 INFO  : Registering command handlers for Vitis TCF services
16:52:41 INFO  : XSCT server has started successfully.
16:52:47 INFO  : plnx-install-location is set to ''
16:52:47 INFO  : Successfully done setting XSCT server connection channel  
16:52:47 INFO  : Successfully done query RDI_DATADIR 
16:52:47 INFO  : Successfully done setting workspace for the tool. 
17:56:54 INFO  : Checking for BSP changes to sync application flags for project 'test'...
18:15:06 INFO  : Connected to target on host '127.0.0.1' and port '3121'.
18:15:20 INFO  : Connected to target on host '127.0.0.1' and port '3121'.
18:15:39 INFO  : Bit file 'C:/hdl-projects/gyro_test/test/_ide/bitstream/download.bit' is generated.
18:15:39 INFO  : Connected to target on host '127.0.0.1' and port '3121'.
18:15:39 INFO  : 'targets -set -filter {jtag_cable_name =~ "Digilent Arty S7 - 50 210352B84088A" && level==0 && jtag_device_ctx=="jsn-Arty S7 - 50-210352B84088A-0362f093-0"}' command is executed.
18:15:41 INFO  : Device configured successfully with "C:/hdl-projects/gyro_test/test/_ide/bitstream/download.bit"
18:16:50 INFO  : Checking for BSP changes to sync application flags for project 'test'...
18:16:58 INFO  : Connected to target on host '127.0.0.1' and port '3121'.
18:16:58 INFO  : Jtag cable 'Digilent Arty S7 - 50 210352B84088A' is selected.
18:16:58 INFO  : 'jtag frequency' command is executed.
18:16:59 INFO  : 'targets -set -filter {jtag_cable_name =~ "Digilent Arty S7 - 50 210352B84088A" && level==0 && jtag_device_ctx=="jsn-Arty S7 - 50-210352B84088A-0362f093-0"}' command is executed.
18:17:00 INFO  : Device configured successfully with "C:/hdl-projects/gyro_test/test/_ide/bitstream/baremetal_wrapper.bit"
18:17:00 INFO  : Context for processor 'microblaze_0' is selected.
18:17:00 INFO  : Hardware design and registers information is loaded from 'C:/hdl-projects/gyro_test/baremetal_wrapper/export/baremetal_wrapper/hw/baremetal_wrapper.xsa'.
18:17:00 INFO  : 'configparams mdm-detect-bscan-mask 2' command is executed.
18:17:00 INFO  : Context for processor 'microblaze_0' is selected.
18:17:00 INFO  : System reset is completed.
18:17:03 INFO  : 'after 3000' command is executed.
18:17:03 INFO  : Context for processor 'microblaze_0' is selected.
18:17:03 INFO  : The application 'C:/hdl-projects/gyro_test/test/Debug/test.elf' is downloaded to processor 'microblaze_0'.
18:17:03 INFO  : ----------------XSDB Script----------------
connect -url tcp:127.0.0.1:3121
targets -set -filter {jtag_cable_name =~ "Digilent Arty S7 - 50 210352B84088A" && level==0 && jtag_device_ctx=="jsn-Arty S7 - 50-210352B84088A-0362f093-0"}
fpga -file C:/hdl-projects/gyro_test/test/_ide/bitstream/baremetal_wrapper.bit
targets -set -nocase -filter {name =~ "*microblaze*#0" && bscan=="USER2" }
loadhw -hw C:/hdl-projects/gyro_test/baremetal_wrapper/export/baremetal_wrapper/hw/baremetal_wrapper.xsa -regs
configparams mdm-detect-bscan-mask 2
targets -set -nocase -filter {name =~ "*microblaze*#0" && bscan=="USER2" }
rst -system
after 3000
targets -set -nocase -filter {name =~ "*microblaze*#0" && bscan=="USER2" }
dow C:/hdl-projects/gyro_test/test/Debug/test.elf
----------------End of Script----------------

18:17:04 INFO  : Context for processor 'microblaze_0' is selected.
18:17:04 INFO  : 'con' command is executed.
18:17:04 INFO  : ----------------XSDB Script (After Launch)----------------
targets -set -nocase -filter {name =~ "*microblaze*#0" && bscan=="USER2" }
con
----------------End of Script----------------

18:17:04 INFO  : Launch script is exported to file 'C:\hdl-projects\gyro_test\test_system\_ide\scripts\debugger_test-default.tcl'
18:17:40 INFO  : Checking for BSP changes to sync application flags for project 'test'...
18:17:50 INFO  : Disconnected from the channel tcfchan#1.
18:17:51 INFO  : Connected to target on host '127.0.0.1' and port '3121'.
18:17:51 INFO  : Jtag cable 'Digilent Arty S7 - 50 210352B84088A' is selected.
18:17:51 INFO  : 'jtag frequency' command is executed.
18:17:51 INFO  : 'targets -set -filter {jtag_cable_name =~ "Digilent Arty S7 - 50 210352B84088A" && level==0 && jtag_device_ctx=="jsn-Arty S7 - 50-210352B84088A-0362f093-0"}' command is executed.
18:17:53 INFO  : Device configured successfully with "C:/hdl-projects/gyro_test/test/_ide/bitstream/baremetal_wrapper.bit"
18:17:53 INFO  : Context for processor 'microblaze_0' is selected.
18:17:53 INFO  : Hardware design and registers information is loaded from 'C:/hdl-projects/gyro_test/baremetal_wrapper/export/baremetal_wrapper/hw/baremetal_wrapper.xsa'.
18:17:53 INFO  : 'configparams mdm-detect-bscan-mask 2' command is executed.
18:17:53 INFO  : Context for processor 'microblaze_0' is selected.
18:17:53 INFO  : System reset is completed.
18:17:56 INFO  : 'after 3000' command is executed.
18:17:56 INFO  : Context for processor 'microblaze_0' is selected.
18:17:56 INFO  : The application 'C:/hdl-projects/gyro_test/test/Debug/test.elf' is downloaded to processor 'microblaze_0'.
18:17:56 INFO  : ----------------XSDB Script----------------
connect -url tcp:127.0.0.1:3121
targets -set -filter {jtag_cable_name =~ "Digilent Arty S7 - 50 210352B84088A" && level==0 && jtag_device_ctx=="jsn-Arty S7 - 50-210352B84088A-0362f093-0"}
fpga -file C:/hdl-projects/gyro_test/test/_ide/bitstream/baremetal_wrapper.bit
targets -set -nocase -filter {name =~ "*microblaze*#0" && bscan=="USER2" }
loadhw -hw C:/hdl-projects/gyro_test/baremetal_wrapper/export/baremetal_wrapper/hw/baremetal_wrapper.xsa -regs
configparams mdm-detect-bscan-mask 2
targets -set -nocase -filter {name =~ "*microblaze*#0" && bscan=="USER2" }
rst -system
after 3000
targets -set -nocase -filter {name =~ "*microblaze*#0" && bscan=="USER2" }
dow C:/hdl-projects/gyro_test/test/Debug/test.elf
----------------End of Script----------------

18:17:57 INFO  : Context for processor 'microblaze_0' is selected.
18:17:57 INFO  : 'con' command is executed.
18:17:57 INFO  : ----------------XSDB Script (After Launch)----------------
targets -set -nocase -filter {name =~ "*microblaze*#0" && bscan=="USER2" }
con
----------------End of Script----------------

18:17:57 INFO  : Launch script is exported to file 'C:\hdl-projects\gyro_test\test_system\_ide\scripts\debugger_test-default.tcl'
18:18:40 INFO  : Disconnected from the channel tcfchan#2.
18:18:41 INFO  : Connected to target on host '127.0.0.1' and port '3121'.
18:18:41 INFO  : Jtag cable 'Digilent Arty S7 - 50 210352B84088A' is selected.
18:18:41 INFO  : 'jtag frequency' command is executed.
18:18:41 INFO  : 'targets -set -filter {jtag_cable_name =~ "Digilent Arty S7 - 50 210352B84088A" && level==0 && jtag_device_ctx=="jsn-Arty S7 - 50-210352B84088A-0362f093-0"}' command is executed.
18:18:43 INFO  : Device configured successfully with "C:/hdl-projects/gyro_test/test/_ide/bitstream/baremetal_wrapper.bit"
18:18:43 INFO  : Context for processor 'microblaze_0' is selected.
18:18:43 INFO  : Hardware design and registers information is loaded from 'C:/hdl-projects/gyro_test/baremetal_wrapper/export/baremetal_wrapper/hw/baremetal_wrapper.xsa'.
18:18:43 INFO  : 'configparams mdm-detect-bscan-mask 2' command is executed.
18:18:43 INFO  : Context for processor 'microblaze_0' is selected.
18:18:43 INFO  : System reset is completed.
18:18:46 INFO  : 'after 3000' command is executed.
18:18:46 INFO  : Context for processor 'microblaze_0' is selected.
18:18:46 INFO  : The application 'C:/hdl-projects/gyro_test/test/Debug/test.elf' is downloaded to processor 'microblaze_0'.
18:18:46 INFO  : ----------------XSDB Script----------------
connect -url tcp:127.0.0.1:3121
targets -set -filter {jtag_cable_name =~ "Digilent Arty S7 - 50 210352B84088A" && level==0 && jtag_device_ctx=="jsn-Arty S7 - 50-210352B84088A-0362f093-0"}
fpga -file C:/hdl-projects/gyro_test/test/_ide/bitstream/baremetal_wrapper.bit
targets -set -nocase -filter {name =~ "*microblaze*#0" && bscan=="USER2" }
loadhw -hw C:/hdl-projects/gyro_test/baremetal_wrapper/export/baremetal_wrapper/hw/baremetal_wrapper.xsa -regs
configparams mdm-detect-bscan-mask 2
targets -set -nocase -filter {name =~ "*microblaze*#0" && bscan=="USER2" }
rst -system
after 3000
targets -set -nocase -filter {name =~ "*microblaze*#0" && bscan=="USER2" }
dow C:/hdl-projects/gyro_test/test/Debug/test.elf
----------------End of Script----------------

18:18:46 INFO  : Context for processor 'microblaze_0' is selected.
18:18:47 INFO  : 'con' command is executed.
18:18:47 INFO  : ----------------XSDB Script (After Launch)----------------
targets -set -nocase -filter {name =~ "*microblaze*#0" && bscan=="USER2" }
con
----------------End of Script----------------

18:18:47 INFO  : Launch script is exported to file 'C:\hdl-projects\gyro_test\test_system\_ide\scripts\debugger_test-default.tcl'
18:21:22 INFO  : Checking for BSP changes to sync application flags for project 'test'...
18:21:51 INFO  : Disconnected from the channel tcfchan#3.
18:21:52 INFO  : Connected to target on host '127.0.0.1' and port '3121'.
18:22:01 INFO  : ----------------XSDB Script----------------
connect -url tcp:127.0.0.1:3121
----------------End of Script----------------

18:22:01 ERROR : Could not find FPGA device on the board for connection 'Local'.


Troubleshooting hints:
1. Check whether board is connected to system properly.
2. In case of zynq board, check whether Digilent/Xilinx cable switch settings are correct.
3. If you are using Xilinx Platform Cable USB, ensure that status LED is green.
18:22:01 INFO  : Connected to target on host '127.0.0.1' and port '3121'.
18:22:01 INFO  : Jtag cable 'Digilent Arty S7 - 50 210352B84088A' is selected.
18:22:01 INFO  : 'jtag frequency' command is executed.
18:22:01 INFO  : 'targets -set -filter {jtag_cable_name =~ "Digilent Arty S7 - 50 210352B84088A" && level==0 && jtag_device_ctx=="jsn-Arty S7 - 50-210352B84088A-0362f093-0"}' command is executed.
18:22:02 INFO  : Device configured successfully with "C:/hdl-projects/gyro_test/test/_ide/bitstream/baremetal_wrapper.bit"
18:22:02 INFO  : Context for processor 'microblaze_0' is selected.
18:22:03 INFO  : Hardware design and registers information is loaded from 'C:/hdl-projects/gyro_test/baremetal_wrapper/export/baremetal_wrapper/hw/baremetal_wrapper.xsa'.
18:22:03 INFO  : 'configparams mdm-detect-bscan-mask 2' command is executed.
18:22:03 INFO  : Context for processor 'microblaze_0' is selected.
18:22:03 INFO  : System reset is completed.
18:22:06 INFO  : 'after 3000' command is executed.
18:22:06 INFO  : Context for processor 'microblaze_0' is selected.
18:22:06 INFO  : The application 'C:/hdl-projects/gyro_test/test/Debug/test.elf' is downloaded to processor 'microblaze_0'.
18:22:06 INFO  : ----------------XSDB Script----------------
connect -url tcp:127.0.0.1:3121
targets -set -filter {jtag_cable_name =~ "Digilent Arty S7 - 50 210352B84088A" && level==0 && jtag_device_ctx=="jsn-Arty S7 - 50-210352B84088A-0362f093-0"}
fpga -file C:/hdl-projects/gyro_test/test/_ide/bitstream/baremetal_wrapper.bit
targets -set -nocase -filter {name =~ "*microblaze*#0" && bscan=="USER2" }
loadhw -hw C:/hdl-projects/gyro_test/baremetal_wrapper/export/baremetal_wrapper/hw/baremetal_wrapper.xsa -regs
configparams mdm-detect-bscan-mask 2
targets -set -nocase -filter {name =~ "*microblaze*#0" && bscan=="USER2" }
rst -system
after 3000
targets -set -nocase -filter {name =~ "*microblaze*#0" && bscan=="USER2" }
dow C:/hdl-projects/gyro_test/test/Debug/test.elf
----------------End of Script----------------

18:22:06 INFO  : Context for processor 'microblaze_0' is selected.
18:22:06 INFO  : 'con' command is executed.
18:22:06 INFO  : ----------------XSDB Script (After Launch)----------------
targets -set -nocase -filter {name =~ "*microblaze*#0" && bscan=="USER2" }
con
----------------End of Script----------------

18:22:06 INFO  : Launch script is exported to file 'C:\hdl-projects\gyro_test\test_system\_ide\scripts\debugger_test-default.tcl'
18:22:11 INFO  : Disconnected from the channel tcfchan#4.
18:22:12 INFO  : Connected to target on host '127.0.0.1' and port '3121'.
18:22:12 INFO  : Jtag cable 'Digilent Arty S7 - 50 210352B84088A' is selected.
18:22:12 INFO  : 'jtag frequency' command is executed.
18:22:12 INFO  : 'targets -set -filter {jtag_cable_name =~ "Digilent Arty S7 - 50 210352B84088A" && level==0 && jtag_device_ctx=="jsn-Arty S7 - 50-210352B84088A-0362f093-0"}' command is executed.
18:22:13 INFO  : Device configured successfully with "C:/hdl-projects/gyro_test/test/_ide/bitstream/baremetal_wrapper.bit"
18:22:13 INFO  : Context for processor 'microblaze_0' is selected.
18:22:14 INFO  : Hardware design and registers information is loaded from 'C:/hdl-projects/gyro_test/baremetal_wrapper/export/baremetal_wrapper/hw/baremetal_wrapper.xsa'.
18:22:14 INFO  : 'configparams mdm-detect-bscan-mask 2' command is executed.
18:22:14 INFO  : Context for processor 'microblaze_0' is selected.
18:22:14 INFO  : System reset is completed.
18:22:17 INFO  : 'after 3000' command is executed.
18:22:17 INFO  : Context for processor 'microblaze_0' is selected.
18:22:17 INFO  : The application 'C:/hdl-projects/gyro_test/test/Debug/test.elf' is downloaded to processor 'microblaze_0'.
18:22:17 INFO  : ----------------XSDB Script----------------
connect -url tcp:127.0.0.1:3121
targets -set -filter {jtag_cable_name =~ "Digilent Arty S7 - 50 210352B84088A" && level==0 && jtag_device_ctx=="jsn-Arty S7 - 50-210352B84088A-0362f093-0"}
fpga -file C:/hdl-projects/gyro_test/test/_ide/bitstream/baremetal_wrapper.bit
targets -set -nocase -filter {name =~ "*microblaze*#0" && bscan=="USER2" }
loadhw -hw C:/hdl-projects/gyro_test/baremetal_wrapper/export/baremetal_wrapper/hw/baremetal_wrapper.xsa -regs
configparams mdm-detect-bscan-mask 2
targets -set -nocase -filter {name =~ "*microblaze*#0" && bscan=="USER2" }
rst -system
after 3000
targets -set -nocase -filter {name =~ "*microblaze*#0" && bscan=="USER2" }
dow C:/hdl-projects/gyro_test/test/Debug/test.elf
----------------End of Script----------------

18:22:17 INFO  : Context for processor 'microblaze_0' is selected.
18:22:17 INFO  : 'con' command is executed.
18:22:17 INFO  : ----------------XSDB Script (After Launch)----------------
targets -set -nocase -filter {name =~ "*microblaze*#0" && bscan=="USER2" }
con
----------------End of Script----------------

18:22:17 INFO  : Launch script is exported to file 'C:\hdl-projects\gyro_test\test_system\_ide\scripts\debugger_test-default.tcl'
18:24:04 INFO  : Checking for BSP changes to sync application flags for project 'test'...
18:24:09 INFO  : Disconnected from the channel tcfchan#5.
18:24:10 INFO  : Connected to target on host '127.0.0.1' and port '3121'.
18:24:10 INFO  : Jtag cable 'Digilent Arty S7 - 50 210352B84088A' is selected.
18:24:10 INFO  : 'jtag frequency' command is executed.
18:24:10 INFO  : 'targets -set -filter {jtag_cable_name =~ "Digilent Arty S7 - 50 210352B84088A" && level==0 && jtag_device_ctx=="jsn-Arty S7 - 50-210352B84088A-0362f093-0"}' command is executed.
18:24:11 INFO  : Device configured successfully with "C:/hdl-projects/gyro_test/test/_ide/bitstream/baremetal_wrapper.bit"
18:24:11 INFO  : Context for processor 'microblaze_0' is selected.
18:24:12 INFO  : Hardware design and registers information is loaded from 'C:/hdl-projects/gyro_test/baremetal_wrapper/export/baremetal_wrapper/hw/baremetal_wrapper.xsa'.
18:24:12 INFO  : 'configparams mdm-detect-bscan-mask 2' command is executed.
18:24:12 INFO  : Context for processor 'microblaze_0' is selected.
18:24:12 INFO  : System reset is completed.
18:24:15 INFO  : 'after 3000' command is executed.
18:24:15 INFO  : Context for processor 'microblaze_0' is selected.
18:24:15 INFO  : The application 'C:/hdl-projects/gyro_test/test/Debug/test.elf' is downloaded to processor 'microblaze_0'.
18:24:15 INFO  : ----------------XSDB Script----------------
connect -url tcp:127.0.0.1:3121
targets -set -filter {jtag_cable_name =~ "Digilent Arty S7 - 50 210352B84088A" && level==0 && jtag_device_ctx=="jsn-Arty S7 - 50-210352B84088A-0362f093-0"}
fpga -file C:/hdl-projects/gyro_test/test/_ide/bitstream/baremetal_wrapper.bit
targets -set -nocase -filter {name =~ "*microblaze*#0" && bscan=="USER2" }
loadhw -hw C:/hdl-projects/gyro_test/baremetal_wrapper/export/baremetal_wrapper/hw/baremetal_wrapper.xsa -regs
configparams mdm-detect-bscan-mask 2
targets -set -nocase -filter {name =~ "*microblaze*#0" && bscan=="USER2" }
rst -system
after 3000
targets -set -nocase -filter {name =~ "*microblaze*#0" && bscan=="USER2" }
dow C:/hdl-projects/gyro_test/test/Debug/test.elf
----------------End of Script----------------

18:24:15 INFO  : Context for processor 'microblaze_0' is selected.
18:24:15 INFO  : 'con' command is executed.
18:24:15 INFO  : ----------------XSDB Script (After Launch)----------------
targets -set -nocase -filter {name =~ "*microblaze*#0" && bscan=="USER2" }
con
----------------End of Script----------------

18:24:15 INFO  : Launch script is exported to file 'C:\hdl-projects\gyro_test\test_system\_ide\scripts\debugger_test-default.tcl'
17:34:09 INFO  : Launching XSCT server: xsct.bat -n  -interactive C:\hdl-projects\gyro_test\temp_xsdb_launch_script.tcl
12:01:23 DEBUG : Logs will be stored at 'C:/hdl-projects/gyro_test/IDE.log'.
12:01:24 INFO  : Launching XSCT server: xsct.bat -n  -interactive C:\hdl-projects\gyro_test\temp_xsdb_launch_script.tcl
12:01:28 INFO  : Platform repository initialization has completed.
12:01:28 INFO  : Registering command handlers for Vitis TCF services
12:01:29 INFO  : XSCT server has started successfully.
12:01:29 INFO  : plnx-install-location is set to ''
12:01:29 INFO  : Successfully done setting XSCT server connection channel  
12:01:36 INFO  : Successfully done setting workspace for the tool. 
12:01:36 INFO  : Successfully done query RDI_DATADIR 
09:51:46 DEBUG : Logs will be stored at 'C:/hdl-projects/gyro_test/IDE.log'.
09:51:47 INFO  : Launching XSCT server: xsct.bat -n  -interactive C:\hdl-projects\gyro_test\temp_xsdb_launch_script.tcl
09:51:51 INFO  : Platform repository initialization has completed.
09:51:52 INFO  : Registering command handlers for Vitis TCF services
09:51:52 INFO  : XSCT server has started successfully.
09:51:52 INFO  : plnx-install-location is set to ''
09:51:56 INFO  : Successfully done setting XSCT server connection channel  
09:51:56 INFO  : Successfully done query RDI_DATADIR 
09:51:56 INFO  : Successfully done setting workspace for the tool. 
22:47:59 DEBUG : Logs will be stored at 'C:/hdl-projects/gyro_test/IDE.log'.
22:48:00 INFO  : Launching XSCT server: xsct.bat -n  -interactive C:\hdl-projects\gyro_test\temp_xsdb_launch_script.tcl
22:48:03 INFO  : Platform repository initialization has completed.
22:48:04 INFO  : Registering command handlers for Vitis TCF services
22:48:05 INFO  : XSCT server has started successfully.
22:48:05 INFO  : plnx-install-location is set to ''
22:48:05 INFO  : Successfully done setting XSCT server connection channel  
22:48:12 INFO  : Successfully done setting workspace for the tool. 
22:48:12 INFO  : Successfully done query RDI_DATADIR 
